Active-HDL 11.1.262.7351 2020-11-10 22:05:09

Elaboration top modules:
Verilog Module                FSM_control_TB
SystemVerilog Package         UnitScopePackage_231


-----------------------------------------------------------------------------------------------
Verilog Module          | Library       | Info | Compiler Version        | Compilation Options
-----------------------------------------------------------------------------------------------
FSM_control_TB          | digitalcamera |      | 11.1.262.7351 (Windows) | -O2 -sv2k12
FSM_control             | digitalcamera |      | 11.1.262.7351 (Windows) | -O2 -sv2k12
-----------------------------------------------------------------------------------------------

-----------------------------------------------------------------------------------------------
SystemVerilog Package   | Library       | Info | Compiler Version        | Compilation Options
-----------------------------------------------------------------------------------------------
UnitScopePackage_231    | digitalcamera |      | 11.1.262.7351 (Windows) | -O2 -sv2k12
-----------------------------------------------------------------------------------------------

-----------------------------------------------------------------------------------------------
Library                 | Comment
-----------------------------------------------------------------------------------------------
digitalcamera           | None
-----------------------------------------------------------------------------------------------


Simulation Options: asim -O5 +access +r +m+FSM_control_TB FSM_control_TB


The performance of simulation is reduced. Version Student Edition
